[[1;34mINFO[m] Scanning for projects...
[[1;34mINFO[m] 
[[1;34mINFO[m] [1m-----------------------------< [0;36mkafka:src[0;1m >------------------------------[m
[[1;34mINFO[m] [1mBuilding src 1.0-SNAPSHOT[m
[[1;34mINFO[m] [1m--------------------------------[ jar ]---------------------------------[m
[[1;34mINFO[m] 
[[1;34mINFO[m] [1m--- [0;32mexec-maven-plugin:3.1.0:java[m [1m(default-cli)[m @ [36msrc[0;1m ---[m
Caiu no else
Caiu no else
Caiu no else
Caiu no else
Real coffee price [4.154349846299964/4.154349846299964]: 4.15
Real coffee price [4.154349846299964/4.154349846299964]: 4.15
Real coffee price [4.154349846299964/4.154349846299964]: 4.15
Real coffee price [4.154349846299964/4.154349846299964]: 4.15
Real coffee price [8.308699692599928/4.154349846299964]: 8.31
Real coffee price [4.154349846299964/4.17117252550956]: 4.16
Real coffee price [4.154349846299964/4.17117252550956]: 4.16
Real coffee price [4.154349846299964/4.17117252550956]: 4.16
Real coffee price [4.154349846299964/4.17117252550956]: 4.16
Real coffee price [8.308699692599928/4.17117252550956]: 8.31
Caiu no else
Real coffee price [6.094756723264206/4.063171148842804]: 6.09
Real coffee price [6.094756723264206/4.063171148842804]: 6.09
Real coffee price [9.14213508489631/4.063171148842804]: 9.14
Real coffee price [9.14213508489631/4.063171148842804]: 9.14
Real coffee price [18.28427016979262/4.063171148842804]: 18.28
Real coffee price [27.42640525468893/4.063171148842804]: 27.43
Real coffee price [41.139607882033395/4.063171148842804]: 41.14
Real coffee price [41.139607882033395/4.063171148842804]: 41.14
Real coffee price [6.094756723264206/3.7535216531148947]: 6.09
Real coffee price [6.094756723264206/3.7535216531148947]: 6.09
Real coffee price [9.14213508489631/3.7535216531148947]: 9.14
Real coffee price [9.14213508489631/3.7535216531148947]: 9.14
Real coffee price [18.28427016979262/3.7535216531148947]: 18.28
Real coffee price [27.42640525468893/3.7535216531148947]: 27.43
Real coffee price [41.139607882033395/3.7535216531148947]: 41.14
Real coffee price [41.139607882033395/3.7535216531148947]: 41.14
Caiu no else
Caiu no else
Caiu no else
